make all --print-data-base --no-builtin-variables --no-builtin-rules --question
# GNU Make 3.81
# Copyright (C) 2006  Free Software Foundation, Inc.
# This is free software; see the source for copying conditions.
# There is NO warranty; not even for MERCHANTABILITY or FITNESS FOR A
# PARTICULAR PURPOSE.

# This program built for i386-apple-darwin11.3.0
 
make: *** No rule to make target `all'.  Stop.


# Make data base, printed on Mon Sep  5 22:21:55 2022

# Variables

# automatic
<D = $(patsubst %/,%,$(dir $<))
# automatic
?F = $(notdir $?)
 
# environment
ELECTRON_NO_ATTACH_CONSOLE = 1
# environment
LC_CTYPE = UTF-8
# automatic
?D = $(patsubst %/,%,$(dir $?))
# automatic
@D = $(patsubst %/,%,$(dir $@))
# automatic
@F = $(notdir $@)
# makefile
CURDIR := /Users/shimozawakenta/dotfiles
# makefile
SHELL = /bin/sh
# environment
VSCODE_NLS_CONFIG = {"locale":"en-gb","availableLanguages":{},"_languagePackSupport":true}
# environment
_ = /usr/bin/make
# makefile
MAKEFILE_LIST := 
# environment
ANDROID = /Users/shimozawakenta/Library/Android
# environment
__CFBundleIdentifier = com.microsoft.VSCode
# environment
POWERLINE_CONFIG_COMMAND = powerline-config
# environment
VSCODE_CWD = /Users/shimozawakenta/dotfiles
# environment
PATH = /Applications/MAMP/bin/php/php8.0.8/bin:/Users/shimozawakenta/pear/bin:/Users/shimozawakenta/neovide:/Users/shimozawakenta/pear/bin:target/release/neovide:/Users/shimozawakenta/pear/bin:/Users/shimozawakenta/neovide/target/release/neovide:/Users/shimozawakenta/pear/bin:/Users/shimozawakenta/neovide/target/release/neovide:/Users/shimozawakenta/pear/bin:/Users/shimozawakenta/.local/bin/lvim:/Users/shimozawakenta/pear/bin:/Users/shimozawakenta/.cargo/bin:/Users/shimozawakenta/pear/bin:/Users/shimozawakenta/Library/Android/sdk/emulator:/Users/shimozawakenta/pear/bin:/Users/shimozawakenta/Library/Android/sdk/platform-tools:/Users/shimozawakenta/pear/bin:/Users/shimozawakenta/Library/Android/sdk/tools/bin:/Users/shimozawakenta/pear/bin:/Users/shimozawakenta/Library/Android/sdk/tools:/Users/shimozawakenta/pear/bin:/Users/shimozawakenta/.nodebrew/current/bin:/Users/shimozawakenta/pear/bin:/Users/shimozawakenta/Qt/5.15.2/clang_64/bin:/Users/shimozawakenta/pear/bin:/Users/shimozawakenta/flutter/bin:/Users/shimozawakenta/pear/bin:/Users/shimozawakenta/Qt/5.15.2/clang_64/bin:/Users/shimozawakenta/pear/bin:/Applications/MAMP/bin/php/php8.0.8/bin:/Users/shimozawakenta/pear/bin:/Users/shimozawakenta/Qt/5.15.2/clang_64/bin:/Users/shimozawakenta/pear/bin:/usr/local/bin:/Users/shimozawakenta/pear/bin:/Users/shimozawakenta/Qt/5.15.2/clang_64/bin:/Users/shimozawakenta/pear/bin:/usr/bin:/Users/shimozawakenta/pear/bin:/Users/shimozawakenta/Qt/5.15.2/clang_64/bin:/Users/shimozawakenta/pear/bin:/bin:/Users/shimozawakenta/pear/bin:/Users/shimozawakenta/Qt/5.15.2/clang_64/bin:/Users/shimozawakenta/pear/bin:/usr/sbin:/Users/shimozawakenta/pear/bin:/Users/shimozawakenta/Qt/5.15.2/clang_64/bin:/Users/shimozawakenta/pear/bin:/sbin:/Users/shimozawakenta/pear/bin:/Users/shimozawakenta/Qt/5.15.2/clang_64/bin:/Users/shimozawakenta/pear/bin:/Library/Apple/usr/bin:/Users/shimozawakenta/pear/bin:/Users/shimozawakenta/Qt/5.15.2/clang_64/bin:/Users/shimozawakenta/pear/bin:/Users/shimozawakenta/opt/anaconda3/bin:/Users/shimozawakenta/pear/bin:/Users/shimozawakenta/Qt/5.15.2/clang_64/bin:/Users/shimozawakenta/pear/bin:/Users/shimozawakenta/opt/anaconda3/condabin:/Users/shimozawakenta/pear/bin:/Users/shimozawakenta/Qt/5.15.2/clang_64/bin:/Users/shimozawakenta/pear/bin:/Users/shimozawakenta/pear/bin:/Users/shimozawakenta/pear/bin:/Users/shimozawakenta/Qt/5.15.2/clang_64/bin:/Users/shimozawakenta/pear/bin:/Users/shimozawakenta/neovide:/Users/shimozawakenta/pear/bin:/Users/shimozawakenta/Qt/5.15.2/clang_64/bin:/Users/shimozawakenta/pear/bin:target/release/neovide:/Users/shimozawakenta/pear/bin:/Users/shimozawakenta/Qt/5.15.2/clang_64/bin:/Users/shimozawakenta/pear/bin:/Users/shimozawakenta/neovide/target/release/neovide:/Users/shimozawakenta/pear/bin:/Users/shimozawakenta/Qt/5.15.2/clang_64/bin:/Users/shimozawakenta/pear/bin:/Users/shimozawakenta/.local/bin/lvim:/Users/shimozawakenta/pear/bin:/Users/shimozawakenta/Qt/5.15.2/clang_64/bin:/Users/shimozawakenta/pear/bin:/Users/shimozawakenta/.cargo/bin:/Users/shimozawakenta/pear/bin:/Users/shimozawakenta/Qt/5.15.2/clang_64/bin:/Users/shimozawakenta/pear/bin:/Users/shimozawakenta/Library/Android/sdk/emulator:/Users/shimozawakenta/pear/bin:/Users/shimozawakenta/Qt/5.15.2/clang_64/bin:/Users/shimozawakenta/pear/bin:/Users/shimozawakenta/Library/Android/sdk/platform-tools:/Users/shimozawakenta/pear/bin:/Users/shimozawakenta/Qt/5.15.2/clang_64/bin:/Users/shimozawakenta/pear/bin:/Users/shimozawakenta/Library/Android/sdk/tools/bin:/Users/shimozawakenta/pear/bin:/Users/shimozawakenta/Qt/5.15.2/clang_64/bin:/Users/shimozawakenta/pear/bin:/Users/shimozawakenta/Library/Android/sdk/tools:/Users/shimozawakenta/pear/bin:/Users/shimozawakenta/Qt/5.15.2/clang_64/bin:/Users/shimozawakenta/pear/bin:/Users/shimozawakenta/.nodebrew/current/bin:/Users/shimozawakenta/pear/bin:/Users/shimozawakenta/Qt/5.15.2/clang_64/bin:/Users/shimozawakenta/pear/bin:/Users/shimozawakenta/Qt/5.15.2/clang_64/bin:/Users/shimozawakenta/pear/bin:/Users/shimozawakenta/Qt/5.15.2/clang_64/bin:/Users/shimozawakenta/pear/bin:/Users/shimozawakenta/flutter/bin:/Users/shimozawakenta/pear/bin
# environment
ALACRITTY_LOG = /var/folders/26/bdb151xn5f1f01xh0s3mnxk40000gn/T/Alacritty-28748.log
# environment
LaunchInstanceID = 77E6A431-A90F-4FF9-B8DD-BBC6FFD6258E
# environment
ELECTRON_RUN_AS_NODE = 1
# environment
ANDROID_HOME = /Users/shimozawakenta/Library/Android/sdk
# default
.FEATURES := target-specific order-only second-expansion else-if archives jobserver check-symlink
# environment
SSH_AUTH_SOCK = /private/tmp/com.apple.launchd.mHvgI9fxbv/Listeners
# automatic
%F = $(notdir $%)
# environment
CONDA_EXE = /Users/shimozawakenta/opt/anaconda3/bin/conda
# environment
TMUX_PANE = %0
# environment
PWD = /Users/shimozawakenta/dotfiles
# environment
ORIGINAL_XDG_CURRENT_DESKTOP = undefined
# environment
VSCODE_AMD_ENTRYPOINT = vs/workbench/api/node/extensionHostProcess
# environment
HOME = /Users/shimozawakenta
# default
MAKEFILEPATH := /Applications/Xcode.app/Contents/Developer/Makefiles
# environment
VSCODE_CLI = 1
# environment
VSCODE_CODE_CACHE_PATH = /Users/shimozawakenta/Library/Application Support/Code/CachedData/e4503b30fc78200f846c62cf8091b76ff5547662
# environment
LOGNAME = shimozawakenta
# environment
APPLICATION_INSIGHTS_NO_DIAGNOSTIC_CHANNEL = true
# environment
CONDA_PROMPT_MODIFIER = (base) 
# environment
VSCODE_HANDLES_UNCAUGHT_ERRORS = true
# automatic
^D = $(patsubst %/,%,$(dir $^))
# environment
CONDA_DEFAULT_ENV = base
# environment
XPC_FLAGS = 0x0
# environment
COLORTERM = truecolor
# default
MAKE = $(MAKE_COMMAND)
# default
MAKECMDGOALS := all
# environment
SHLVL = 3
# default
MAKE_VERSION := 3.81
# environment
USER = shimozawakenta
# makefile
.DEFAULT_GOAL := 
# automatic
%D = $(patsubst %/,%,$(dir $%))
# environment
CONDA_SHLVL = 1
# default
MAKE_COMMAND := /Applications/Xcode.app/Contents/Developer/usr/bin/make
# environment
TERM_PROGRAM = tmux
# default
.VARIABLES := 
# environment
TMPDIR = /var/folders/26/bdb151xn5f1f01xh0s3mnxk40000gn/T/
# automatic
*F = $(notdir $*)
# environment
VSCODE_IPC_HOOK = /Users/shimozawakenta/Library/Application Support/Code/1.70.2-main.sock
# environment
MallocNanoZone = 0
# makefile
MAKEFLAGS = Rrqp
# environment
MFLAGS = -Rrqp
# automatic
*D = $(patsubst %/,%,$(dir $*))
# environment
TERM_PROGRAM_VERSION = 3.2a
# environment
XPC_SERVICE_NAME = application.com.microsoft.VSCode.55426953.55426959.D881C518-EB2E-4518-B72E-B5532A2E8113
# automatic
+D = $(patsubst %/,%,$(dir $+))
# environment
TMUX = /private/tmp/tmux-501/default,28777,0
# automatic
+F = $(notdir $+)
# environment
__CF_USER_TEXT_ENCODING = 0x1F5:0x0:0x2
# environment
COMMAND_MODE = unix2003
# default
MAKEFILES := 
# automatic
<F = $(notdir $<)
# environment
LC_ALL = C
# environment
CONDA_PYTHON_EXE = /Users/shimozawakenta/opt/anaconda3/bin/python
# environment
SECURITYSESSIONID = 186a4
# automatic
^F = $(notdir $^)
# default
SUFFIXES := 
# environment
_CE_M = 
# default
.INCLUDE_DIRS = /usr/local/include
# environment
MAKELEVEL := 0
# environment
CONDA_PREFIX = /Users/shimozawakenta/opt/anaconda3
# environment
TERM = screen-256color
# environment
VSCODE_PID = 5062
# environment
_CE_CONDA = 
# environment
LANG = C
# variable set hash-table stats:
# Load=81/1024=8%, Rehash=0, Collisions=2/102=2%

# Pattern-specific Variable Values

# No pattern-specific variable values.

# Directories

# . (device 16777223, inode 9169439): 18 files, no impossibilities.

 
# 18 files, no impossibilities in 1 directories.

# Implicit Rules

# No implicit rules.

# Files

# Not a target:
all:
#  Command-line target.
#  Implicit rule search has been done.
#  File does not exist.
#  File has not been updated.
# variable set hash-table stats:
# Load=0/32=0%, Rehash=0, Collisions=0/0=0%

# Not a target:
.SUFFIXES:
#  Implicit rule search has not been done.
#  Modification time never checked.
#  File has not been updated.

# Not a target:
Makefile:
#  A default, MAKEFILES, or -include/sinclude makefile.
#  Implicit rule search has been done.
#  File does not exist.
#  File has been updated.
#  Failed to be updated.
# variable set hash-table stats:
# Load=0/32=0%, Rehash=0, Collisions=0/0=0%

# Not a target:
makefile:
#  A default, MAKEFILES, or -include/sinclude makefile.
#  Implicit rule search has been done.
#  File does not exist.
#  File has been updated.
#  Failed to be updated.
# variable set hash-table stats:
# Load=0/32=0%, Rehash=0, Collisions=0/0=0%

# Not a target:
.DEFAULT:
#  Implicit rule search has not been done.
#  Modification time never checked.
#  File has not been updated.

# Not a target:
GNUmakefile:
#  A default, MAKEFILES, or -include/sinclude makefile.
#  Implicit rule search has been done.
#  File does not exist.
#  File has been updated.
#  Failed to be updated.
# variable set hash-table stats:
# Load=0/32=0%, Rehash=0, Collisions=0/0=0%

# files hash-table stats:
# Load=6/1024=1%, Rehash=0, Collisions=0/17=0%
# VPATH Search Paths

# No `vpath' search paths.

# No general (`VPATH' variable) search path.

# # of strings in strcache: 0
# # of strcache buffers: 0
# strcache size: total = 0 / max = 0 / min = 4096 / avg = 0
# strcache free: total = 0 / max = 0 / min = 4096 / avg = 0

# Finished Make data base on Mon Sep  5 22:21:55 2022

 
